S001C003P004R002A009: 25 frames missed: [35, 36, 37, 38, 39, 40, 41, 42, 43, 44, 45, 46, 47, 48, 49, 50, 51, 52, 53, 54, 55, 56, 57, 58, 59]

S002C002P010R001A001: 5 frames missed: [0, 1, 2, 3, 4]

S003C002P008R001A008: 24 frames missed: [0, 1, 2, 3, 4, 5, 6, 7, 8, 9, 10, 11, 12, 13, 14, 15, 16, 17, 18, 19, 20, 21, 22, 23]

S004C002P008R001A010: 31 frames missed: [0, 1, 2, 3, 4, 5, 6, 7, 8, 9, 10, 11, 12, 13, 14, 15, 16, 17, 18, 19, 20, 21, 22, 23, 24, 25, 26, 27, 28, 29, 30]

S005C002P016R001A008: 16 frames missed: [63, 64, 65, 66, 67, 68, 69, 70, 71, 72, 73, 74, 75, 76, 77, 78]

S005C003P016R002A008: 15 frames missed: [60, 61, 62, 63, 64, 65, 66, 67, 68, 69, 70, 71, 72, 73, 74]

S006C001P016R001A008: 6 frames missed: [0, 1, 2, 3, 4, 5]

S006C002P007R001A007: 19 frames missed: [0, 1, 2, 3, 4, 5, 6, 7, 8, 9, 10, 11, 12, 13, 14, 15, 16, 17, 18]

S006C002P016R001A008: 9 frames missed: [73, 74, 75, 76, 77, 78, 79, 80, 81]

S007C001P026R002A001: 23 frames missed: [0, 1, 2, 3, 4, 5, 6, 7, 8, 9, 10, 11, 12, 13, 14, 15, 16, 17, 18, 19, 20, 21, 22]

S007C003P007R002A002: 8 frames missed: [0, 1, 2, 3, 4, 5, 6, 7]

S008C003P007R001A008: 21 frames missed: [46, 47, 48, 49, 50, 51, 52, 53, 54, 55, 56, 57, 58, 59, 60, 61, 62, 63, 64, 65, 66]

S008C003P007R001A024: 32 frames missed: [0, 1, 2, 3, 4, 5, 6, 7, 8, 9, 10, 11, 12, 13, 14, 15, 16, 17, 18, 19, 20, 21, 22, 23, 24, 25, 26, 27, 28, 29, 30, 31]

S008C003P025R002A007: 4 frames missed: [0, 1, 2, 3]

S008C003P025R002A024: 30 frames missed: [0, 1, 2, 3, 4, 5, 6, 7, 8, 9, 10, 11, 12, 13, 14, 15, 16, 17, 18, 19, 20, 21, 22, 23, 24, 25, 26, 27, 28, 29]

S009C002P007R001A002: 10 frames missed: [0, 1, 2, 3, 4, 5, 6, 7, 8, 9]

S009C002P019R001A003: 23 frames missed: [0, 1, 2, 3, 4, 5, 6, 7, 8, 9, 10, 11, 12, 13, 14, 15, 16, 17, 18, 19, 20, 21, 22]

S010C001P018R002A008: 6 frames missed: [40, 41, 42, 43, 44, 45]

S010C002P017R001A039: 28 frames missed: [0, 1, 2, 3, 4, 5, 6, 7, 8, 9, 10, 11, 12, 13, 14, 15, 16, 17, 18, 19, 20, 21, 22, 23, 24, 25, 26, 27]

S011C002P027R001A008: 27 frames missed: [48, 49, 50, 51, 52, 53, 54, 55, 56, 57, 58, 59, 60, 61, 62, 63, 64, 65, 66, 67, 68, 69, 70, 71, 72, 73, 74]

S011C003P002R001A008: 6 frames missed: [33, 34, 35, 36, 37, 38]

S012C001P028R001A001: 1 frames missed: [1]

S012C001P028R001A009: 28 frames missed: [0, 1, 2, 3, 4, 5, 6, 7, 8, 9, 10, 11, 12, 13, 14, 15, 16, 17, 18, 19, 20, 21, 22, 23, 24, 25, 26, 27]

S012C003P008R002A006: 37 frames missed: [84, 85, 86, 87, 88, 89, 90, 91, 92, 93, 94, 95, 96, 97, 98, 99, 100, 101, 102, 103, 104, 105, 106, 107, 108, 109, 110, 111, 112, 113, 114, 115, 116, 117, 118, 119, 120]

S013C001P018R002A001: 16 frames missed: [35, 36, 37, 38, 39, 40, 41, 42, 43, 44, 45, 46, 47, 48, 49, 50]

S014C002P007R001A002: 10 frames missed: [0, 1, 2, 3, 4, 5, 6, 7, 8, 9]

S014C003P017R002A008: 5 frames missed: [59, 60, 61, 62, 63]

S015C003P015R002A008: 19 frames missed: [36, 37, 38, 39, 40, 41, 42, 43, 44, 45, 46, 47, 48, 49, 50, 51, 52, 53, 54]

S015C003P016R002A008: 2 frames missed: [52, 53]

S016C001P007R002A008: 4 frames missed: [50, 51, 52, 53]

S016C002P040R001A009: 19 frames missed: [41, 42, 43, 44, 45, 46, 47, 48, 49, 50, 51, 52, 53, 54, 55, 56, 57, 58, 59]

S016C003P007R001A005: 8 frames missed: [28, 29, 30, 31, 32, 33, 34, 35]

S017C002P008R001A008: 13 frames missed: [57, 58, 59, 60, 61, 62, 63, 64, 65, 66, 67, 68, 69]

S017C002P017R001A008: 12 frames missed: [58, 59, 60, 61, 62, 63, 64, 65, 66, 67, 68, 69]

S001C003P004R002A009: 25 frames missed: [35, 36, 37, 38, 39, 40, 41, 42, 43, 44, 45, 46, 47, 48, 49, 50, 51, 52, 53, 54, 55, 56, 57, 58, 59]

S002C002P010R001A001: 5 frames missed: [0, 1, 2, 3, 4]

S003C002P008R001A008: 24 frames missed: [0, 1, 2, 3, 4, 5, 6, 7, 8, 9, 10, 11, 12, 13, 14, 15, 16, 17, 18, 19, 20, 21, 22, 23]

S004C002P008R001A010: 31 frames missed: [0, 1, 2, 3, 4, 5, 6, 7, 8, 9, 10, 11, 12, 13, 14, 15, 16, 17, 18, 19, 20, 21, 22, 23, 24, 25, 26, 27, 28, 29, 30]

S005C002P016R001A008: 16 frames missed: [63, 64, 65, 66, 67, 68, 69, 70, 71, 72, 73, 74, 75, 76, 77, 78]

S005C003P016R002A008: 15 frames missed: [60, 61, 62, 63, 64, 65, 66, 67, 68, 69, 70, 71, 72, 73, 74]

S006C001P016R001A008: 6 frames missed: [0, 1, 2, 3, 4, 5]

S006C002P007R001A007: 19 frames missed: [0, 1, 2, 3, 4, 5, 6, 7, 8, 9, 10, 11, 12, 13, 14, 15, 16, 17, 18]

S006C002P016R001A008: 9 frames missed: [73, 74, 75, 76, 77, 78, 79, 80, 81]

S007C001P026R002A001: 23 frames missed: [0, 1, 2, 3, 4, 5, 6, 7, 8, 9, 10, 11, 12, 13, 14, 15, 16, 17, 18, 19, 20, 21, 22]

S007C003P007R002A002: 8 frames missed: [0, 1, 2, 3, 4, 5, 6, 7]

S008C003P007R001A008: 21 frames missed: [46, 47, 48, 49, 50, 51, 52, 53, 54, 55, 56, 57, 58, 59, 60, 61, 62, 63, 64, 65, 66]

S008C003P007R001A024: 32 frames missed: [0, 1, 2, 3, 4, 5, 6, 7, 8, 9, 10, 11, 12, 13, 14, 15, 16, 17, 18, 19, 20, 21, 22, 23, 24, 25, 26, 27, 28, 29, 30, 31]

S008C003P025R002A007: 4 frames missed: [0, 1, 2, 3]

S008C003P025R002A024: 30 frames missed: [0, 1, 2, 3, 4, 5, 6, 7, 8, 9, 10, 11, 12, 13, 14, 15, 16, 17, 18, 19, 20, 21, 22, 23, 24, 25, 26, 27, 28, 29]

S009C002P007R001A002: 10 frames missed: [0, 1, 2, 3, 4, 5, 6, 7, 8, 9]

S009C002P019R001A003: 23 frames missed: [0, 1, 2, 3, 4, 5, 6, 7, 8, 9, 10, 11, 12, 13, 14, 15, 16, 17, 18, 19, 20, 21, 22]

S010C001P018R002A008: 6 frames missed: [40, 41, 42, 43, 44, 45]

S010C002P017R001A039: 28 frames missed: [0, 1, 2, 3, 4, 5, 6, 7, 8, 9, 10, 11, 12, 13, 14, 15, 16, 17, 18, 19, 20, 21, 22, 23, 24, 25, 26, 27]

S011C002P027R001A008: 27 frames missed: [48, 49, 50, 51, 52, 53, 54, 55, 56, 57, 58, 59, 60, 61, 62, 63, 64, 65, 66, 67, 68, 69, 70, 71, 72, 73, 74]

S011C003P002R001A008: 6 frames missed: [33, 34, 35, 36, 37, 38]

S012C001P028R001A001: 1 frames missed: [1]

S012C001P028R001A009: 28 frames missed: [0, 1, 2, 3, 4, 5, 6, 7, 8, 9, 10, 11, 12, 13, 14, 15, 16, 17, 18, 19, 20, 21, 22, 23, 24, 25, 26, 27]

S012C003P008R002A006: 37 frames missed: [84, 85, 86, 87, 88, 89, 90, 91, 92, 93, 94, 95, 96, 97, 98, 99, 100, 101, 102, 103, 104, 105, 106, 107, 108, 109, 110, 111, 112, 113, 114, 115, 116, 117, 118, 119, 120]

S013C001P018R002A001: 16 frames missed: [35, 36, 37, 38, 39, 40, 41, 42, 43, 44, 45, 46, 47, 48, 49, 50]

S014C002P007R001A002: 10 frames missed: [0, 1, 2, 3, 4, 5, 6, 7, 8, 9]

S014C003P017R002A008: 5 frames missed: [59, 60, 61, 62, 63]

S015C003P015R002A008: 19 frames missed: [36, 37, 38, 39, 40, 41, 42, 43, 44, 45, 46, 47, 48, 49, 50, 51, 52, 53, 54]

S015C003P016R002A008: 2 frames missed: [52, 53]

S016C001P007R002A008: 4 frames missed: [50, 51, 52, 53]

S016C002P040R001A009: 19 frames missed: [41, 42, 43, 44, 45, 46, 47, 48, 49, 50, 51, 52, 53, 54, 55, 56, 57, 58, 59]

S016C003P007R001A005: 8 frames missed: [28, 29, 30, 31, 32, 33, 34, 35]

S017C002P008R001A008: 13 frames missed: [57, 58, 59, 60, 61, 62, 63, 64, 65, 66, 67, 68, 69]

S017C002P017R001A008: 12 frames missed: [58, 59, 60, 61, 62, 63, 64, 65, 66, 67, 68, 69]

S001C003P004R002A009: 25 frames missed: [35, 36, 37, 38, 39, 40, 41, 42, 43, 44, 45, 46, 47, 48, 49, 50, 51, 52, 53, 54, 55, 56, 57, 58, 59]

S002C002P010R001A001: 5 frames missed: [0, 1, 2, 3, 4]

S001C003P004R002A009: 25 frames missed: [35, 36, 37, 38, 39, 40, 41, 42, 43, 44, 45, 46, 47, 48, 49, 50, 51, 52, 53, 54, 55, 56, 57, 58, 59]

S002C002P010R001A001: 5 frames missed: [0, 1, 2, 3, 4]

S003C002P008R001A008: 24 frames missed: [0, 1, 2, 3, 4, 5, 6, 7, 8, 9, 10, 11, 12, 13, 14, 15, 16, 17, 18, 19, 20, 21, 22, 23]

S004C002P008R001A010: 31 frames missed: [0, 1, 2, 3, 4, 5, 6, 7, 8, 9, 10, 11, 12, 13, 14, 15, 16, 17, 18, 19, 20, 21, 22, 23, 24, 25, 26, 27, 28, 29, 30]

S005C002P016R001A008: 16 frames missed: [63, 64, 65, 66, 67, 68, 69, 70, 71, 72, 73, 74, 75, 76, 77, 78]

S005C003P016R002A008: 15 frames missed: [60, 61, 62, 63, 64, 65, 66, 67, 68, 69, 70, 71, 72, 73, 74]

S006C001P016R001A008: 6 frames missed: [0, 1, 2, 3, 4, 5]

S006C002P007R001A007: 19 frames missed: [0, 1, 2, 3, 4, 5, 6, 7, 8, 9, 10, 11, 12, 13, 14, 15, 16, 17, 18]

S006C002P016R001A008: 9 frames missed: [73, 74, 75, 76, 77, 78, 79, 80, 81]

S007C001P026R002A001: 23 frames missed: [0, 1, 2, 3, 4, 5, 6, 7, 8, 9, 10, 11, 12, 13, 14, 15, 16, 17, 18, 19, 20, 21, 22]

S007C003P007R002A002: 8 frames missed: [0, 1, 2, 3, 4, 5, 6, 7]

S008C003P007R001A008: 21 frames missed: [46, 47, 48, 49, 50, 51, 52, 53, 54, 55, 56, 57, 58, 59, 60, 61, 62, 63, 64, 65, 66]

S008C003P007R001A024: 32 frames missed: [0, 1, 2, 3, 4, 5, 6, 7, 8, 9, 10, 11, 12, 13, 14, 15, 16, 17, 18, 19, 20, 21, 22, 23, 24, 25, 26, 27, 28, 29, 30, 31]

S008C003P025R002A007: 4 frames missed: [0, 1, 2, 3]

S008C003P025R002A024: 30 frames missed: [0, 1, 2, 3, 4, 5, 6, 7, 8, 9, 10, 11, 12, 13, 14, 15, 16, 17, 18, 19, 20, 21, 22, 23, 24, 25, 26, 27, 28, 29]

S009C002P007R001A002: 10 frames missed: [0, 1, 2, 3, 4, 5, 6, 7, 8, 9]

S009C002P019R001A003: 23 frames missed: [0, 1, 2, 3, 4, 5, 6, 7, 8, 9, 10, 11, 12, 13, 14, 15, 16, 17, 18, 19, 20, 21, 22]

S010C001P018R002A008: 6 frames missed: [40, 41, 42, 43, 44, 45]

S010C002P017R001A039: 28 frames missed: [0, 1, 2, 3, 4, 5, 6, 7, 8, 9, 10, 11, 12, 13, 14, 15, 16, 17, 18, 19, 20, 21, 22, 23, 24, 25, 26, 27]

S011C002P027R001A008: 27 frames missed: [48, 49, 50, 51, 52, 53, 54, 55, 56, 57, 58, 59, 60, 61, 62, 63, 64, 65, 66, 67, 68, 69, 70, 71, 72, 73, 74]

S011C003P002R001A008: 6 frames missed: [33, 34, 35, 36, 37, 38]

S012C001P028R001A001: 1 frames missed: [1]

S012C001P028R001A009: 28 frames missed: [0, 1, 2, 3, 4, 5, 6, 7, 8, 9, 10, 11, 12, 13, 14, 15, 16, 17, 18, 19, 20, 21, 22, 23, 24, 25, 26, 27]

S012C003P008R002A006: 37 frames missed: [84, 85, 86, 87, 88, 89, 90, 91, 92, 93, 94, 95, 96, 97, 98, 99, 100, 101, 102, 103, 104, 105, 106, 107, 108, 109, 110, 111, 112, 113, 114, 115, 116, 117, 118, 119, 120]

S013C001P018R002A001: 16 frames missed: [35, 36, 37, 38, 39, 40, 41, 42, 43, 44, 45, 46, 47, 48, 49, 50]

S014C002P007R001A002: 10 frames missed: [0, 1, 2, 3, 4, 5, 6, 7, 8, 9]

S014C003P017R002A008: 5 frames missed: [59, 60, 61, 62, 63]

S015C003P015R002A008: 19 frames missed: [36, 37, 38, 39, 40, 41, 42, 43, 44, 45, 46, 47, 48, 49, 50, 51, 52, 53, 54]

S015C003P016R002A008: 2 frames missed: [52, 53]

S016C001P007R002A008: 4 frames missed: [50, 51, 52, 53]

S016C002P040R001A009: 19 frames missed: [41, 42, 43, 44, 45, 46, 47, 48, 49, 50, 51, 52, 53, 54, 55, 56, 57, 58, 59]

S016C003P007R001A005: 8 frames missed: [28, 29, 30, 31, 32, 33, 34, 35]

S017C002P008R001A008: 13 frames missed: [57, 58, 59, 60, 61, 62, 63, 64, 65, 66, 67, 68, 69]

S017C002P017R001A008: 12 frames missed: [58, 59, 60, 61, 62, 63, 64, 65, 66, 67, 68, 69]

