      Skeleton      	num_frames	Actor1	Actor2
S001C003P004R002A009	    53    	  0   	  53  
S004C003P020R001A008	   105    	  0   	  60  
S008C001P036R002A008	    77    	  0   	  45  
S010C001P017R001A006	    95    	  0   	  52  
S010C001P018R002A008	    51    	  11  	  11  
S010C002P007R001A026	   104    	  0   	  13  
S011C003P002R001A008	    51    	  0   	  18  
S013C001P018R002A001	   129    	  0   	 129  
S016C001P007R001A008	    77    	  0   	  38  
S016C002P040R001A009	    53    	  0   	  53  
S016C003P007R001A005	    57    	  0   	  57  
      Skeleton      	num_frames	Actor1	Actor2
S001C003P004R002A009	    53    	  0   	  53  
S004C003P020R001A008	   105    	  0   	  60  
S010C001P018R002A008	    51    	  11  	  11  
S010C002P007R001A026	   104    	  0   	  13  
S011C003P002R001A008	    51    	  0   	  18  
S013C001P018R002A001	   129    	  0   	 129  
S016C001P007R001A008	    77    	  0   	  38  
S016C002P040R001A009	    53    	  0   	  53  
S016C003P007R001A005	    57    	  0   	  57  
      Skeleton      	num_frames	Actor1	Actor2
      Skeleton      	num_frames	Actor1	Actor2
      Skeleton      	num_frames	Actor1	Actor2
S001C003P004R002A009	    53    	  0   	  53  
S004C001P003R001A035	    71    	  0   	  25  
S004C003P020R001A008	   105    	  0   	  60  
S008C001P036R002A008	    77    	  0   	  45  
S010C001P017R001A006	    95    	  0   	  52  
S010C001P018R002A008	    51    	  11  	  11  
S010C002P007R001A026	   104    	  0   	  13  
S011C003P002R001A008	    51    	  0   	  18  
S013C001P018R002A001	   129    	  0   	 129  
S016C001P007R001A008	    77    	  0   	  38  
S016C002P040R001A009	    53    	  0   	  53  
S016C003P007R001A005	    57    	  0   	  57  
