      Skeleton      	     bodyID      	 Motion 	  Rate  
S001C001P001R001A024	72057594037931781	0.082263	1.000000
S001C001P001R001A026	72057594037931781	0.064346	0.951456
S001C001P001R001A027	72057594037931781	0.066993	1.000000
S001C001P001R001A029	72057594037931781	0.069684	1.000000
S001C001P002R001A031	72057594037932971	0.082215	0.980769
S001C001P002R001A034	72057594037932971	0.085916	1.000000
S001C001P002R001A035	72057594037932971	0.089098	1.000000
S001C001P002R001A036	72057594037932971	0.085333	0.990385
S001C001P003R001A001	72057594037936103	0.043751	0.838983
S001C001P003R001A031	72057594037936779	0.069408	0.946667
S001C001P003R002A005	72057594037937524	0.052770	1.000000
S001C001P003R002A026	72057594037937632	0.052132	1.000000
S001C001P003R002A027	72057594037937632	0.055716	1.000000
S001C002P005R002A002	72057594037938980	0.040537	1.000000
S001C002P005R002A003	72057594037938980	0.034462	1.000000
S001C002P008R001A024	72057594037942445	0.042501	0.839286
S001C002P008R001A026	72057594037942445	0.040076	0.977011
S001C002P008R001A027	72057594037942445	0.050652	0.965517
S001C002P008R001A029	72057594037942445	0.042764	0.832061
S001C002P008R001A035	72057594037942450	0.079132	1.000000
S001C002P008R001A036	72057594037942450	0.071183	1.000000
S001C002P008R001A039	72057594037942450	0.062425	1.000000
S001C002P008R001A040	72057594037942450	0.065536	1.000000
S001C003P001R001A024	72057594037931407	0.054299	1.000000
S001C003P001R001A026	72057594037931407	0.052359	1.000000
S001C003P001R001A027	72057594037931407	0.052250	1.000000
S001C003P001R001A029	72057594037931407	0.050353	1.000000
S001C003P003R002A026	72057594037937100	0.039892	0.743902
S001C003P003R002A027	72057594037937100	0.038400	1.000000
S001C003P008R002A023	72057594037944570	0.036311	0.847222
S001C003P008R002A024	72057594037944570	0.038539	0.809524
S001C003P008R002A026	72057594037944570	0.035100	0.736264
S001C003P008R002A027	72057594037944570	0.033755	0.844828
S002C001P011R002A007	72057594037935246	0.100180	1.000000
S003C001P002R001A039	72057594037949954	0.072838	0.983333
S003C001P002R001A040	72057594037949954	0.075325	0.962264
S003C001P018R001A039	72057594037938481	0.045605	0.750000
S003C001P018R002A010	72057594037939137	0.058913	0.964286
S003C001P018R002A023	72057594037939145	0.054240	0.984848
S003C002P002R001A010	72057594037952517	0.077384	0.819672
S003C003P002R002A010	72057594037948249	0.069097	0.837209
S003C003P002R002A023	72057594037948250	0.045684	0.827586
S003C003P002R002A024	72057594037948250	0.045980	0.843750
S003C003P002R002A026	72057594037948250	0.049917	0.858824
S003C003P002R002A027	72057594037948250	0.047575	0.774194
S003C003P002R002A029	72057594037948250	0.046002	0.951456
S003C003P002R002A031	72057594037948307	0.043629	1.000000
S003C003P002R002A034	72057594037948307	0.041592	0.981132
S003C003P002R002A035	72057594037948307	0.040834	0.948276
S003C003P002R002A036	72057594037948307	0.041102	1.000000
S003C003P002R002A039	72057594037948307	0.044264	0.953488
S003C003P002R002A040	72057594037948307	0.041157	0.982143
S003C003P008R002A023	72057594037950621	0.069083	1.000000
S003C003P008R002A024	72057594037950621	0.070403	1.000000
S003C003P008R002A026	72057594037950621	0.064861	1.000000
S003C003P008R002A027	72057594037950621	0.072332	1.000000
S003C003P008R002A029	72057594037950621	0.057604	0.983740
S003C003P008R002A031	72057594037950621	0.063469	1.000000
S003C003P008R002A034	72057594037950621	0.067396	0.967742
S003C003P008R002A035	72057594037950621	0.065461	0.962963
S003C003P008R002A036	72057594037950621	0.059730	0.965909
S003C003P008R002A039	72057594037950621	0.057317	0.988235
S003C003P008R002A040	72057594037950621	0.063663	0.936508
S004C001P003R001A035	72057594037933431	0.042899	0.826087
S004C001P007R002A024	72057594037930164	0.041982	0.800000
S004C001P007R002A026	72057594037930164	0.041480	0.857143
S004C001P008R002A010	72057594037930720	0.045298	0.965909
S004C001P020R001A031	72057594037931815	0.037852	0.830986
S004C001P020R001A034	72057594037931815	0.037697	0.933333
S004C001P020R001A035	72057594037931815	0.038826	0.925000
S004C002P008R002A010	72057594037931506	0.040575	0.965909
S004C003P003R001A039	72057594037931618	0.036348	0.924528
S004C003P003R001A040	72057594037931618	0.042372	0.716981
S004C003P008R002A023	72057594037929551	0.069699	1.000000
S004C003P008R002A024	72057594037929551	0.073470	1.000000
S004C003P008R002A026	72057594037929551	0.077185	1.000000
S004C003P008R002A027	72057594037929551	0.079528	1.000000
S004C003P008R002A029	72057594037929551	0.078087	1.000000
S004C003P008R002A031	72057594037929551	0.066286	1.000000
S004C003P008R002A034	72057594037929551	0.070010	1.000000
S004C003P008R002A035	72057594037929551	0.079583	1.000000
S004C003P008R002A036	72057594037929551	0.076080	1.000000
S004C003P008R002A039	72057594037929551	0.072765	1.000000
S004C003P008R002A040	72057594037929551	0.070682	1.000000
S004C003P020R001A001	72057594037929551	0.069597	1.000000
S004C003P020R001A002	72057594037929551	0.073512	1.000000
S004C003P020R001A003	72057594037929551	0.072460	1.000000
S004C003P020R001A005	72057594037929551	0.072371	1.000000
S004C003P020R001A006	72057594037929551	0.067370	1.000000
S004C003P020R001A007	72057594037929551	0.075106	1.000000
S005C002P016R001A008	72057594037936020	0.094669	1.000000
S007C001P007R002A024	72057594037932153	0.163720	0.854839
S007C001P008R001A023	72057594037944797	0.063115	1.000000
S007C001P008R001A024	72057594037944797	0.065241	1.000000
S007C001P008R001A026	72057594037944797	0.065268	0.890244
S007C001P008R001A027	72057594037944797	0.064225	1.000000
S007C001P008R001A029	72057594037944797	0.063976	0.986928
S007C001P008R001A031	72057594037944797	0.065781	0.949153
S007C001P015R002A024	72057594037956585	0.045503	0.842105
S007C001P015R002A026	72057594037956585	0.044899	0.758242
S007C001P017R001A007	72057594037954845	0.053884	0.893333
S007C002P007R001A010	72057594037936661	0.054866	0.931818
S007C002P008R001A039	72057594037958314	0.063731	1.000000
S007C002P008R001A040	72057594037958314	0.066548	0.859375
S007C002P008R002A003	72057594037958314	0.057150	0.731707
S007C002P008R002A007	72057594037958314	0.056315	0.813559
S007C002P018R002A008	72057594037945922	0.030946	0.944444
S007C002P025R001A023	72057594037940682	0.056902	1.000000
S007C002P025R001A024	72057594037940682	0.053763	0.948276
S007C002P025R001A026	72057594037940682	0.055693	1.000000
S007C002P025R001A027	72057594037940682	0.053671	1.000000
S007C002P025R001A029	72057594037940682	0.054158	1.000000
S007C002P025R002A023	72057594037941043	0.053937	0.944444
S007C002P025R002A024	72057594037941043	0.051103	0.942857
S007C002P025R002A026	72057594037941043	0.053198	0.846154
S007C002P025R002A027	72057594037941043	0.053209	0.929825
S007C002P025R002A029	72057594037941043	0.042111	0.894118
S008C002P001R001A001	72057594037934343	0.096574	1.000000
S008C002P001R001A002	72057594037934343	0.091595	1.000000
S008C002P001R001A003	72057594037934343	0.097092	0.989011
S008C002P001R001A005	72057594037934343	0.090432	1.000000
S008C002P001R001A006	72057594037934343	0.100763	1.000000
S008C002P001R001A007	72057594037934343	0.092832	1.000000
S008C002P001R001A008	72057594037934343	0.081478	1.000000
S010C001P018R002A001	72057594037936987	0.048840	1.000000
S010C001P018R002A003	72057594037937060	0.044981	1.000000
S010C001P018R002A005	72057594037937060	0.046124	1.000000
S010C001P018R002A006	72057594037937060	0.046072	1.000000
S010C001P018R002A007	72057594037937060	0.047300	1.000000
S010C001P018R002A024	72057594037937100	0.044870	1.000000
S010C001P018R002A026	72057594037937100	0.041808	0.986842
S010C001P018R002A027	72057594037937100	0.042510	0.983333
S010C001P018R002A029	72057594037937100	0.044148	0.976562
S010C001P018R002A031	72057594037937100	0.044633	0.988636
S010C001P018R002A034	72057594037937100	0.042361	0.936709
S010C001P018R002A035	72057594037937100	0.042764	1.000000
S010C001P018R002A036	72057594037937100	0.041790	1.000000
S010C001P018R002A039	72057594037937100	0.043754	1.000000
S010C001P018R002A040	72057594037937100	0.044138	0.978261
S010C002P018R002A001	72057594037937419	0.041249	0.991870
S010C002P018R002A026	72057594037937665	0.061102	0.710526
S010C002P018R002A027	72057594037937665	0.061528	1.000000
S010C002P018R002A029	72057594037937665	0.058870	1.000000
S010C002P018R002A031	72057594037937665	0.060384	0.965909
S010C002P018R002A034	72057594037937665	0.052695	0.987179
S010C002P018R002A035	72057594037937665	0.062181	1.000000
S010C002P018R002A036	72057594037937665	0.063405	1.000000
S010C002P018R002A039	72057594037937665	0.056222	1.000000
S010C002P018R002A040	72057594037937665	0.070865	1.000000
S010C003P018R001A001	72057594037933836	0.081703	0.789474
S010C003P018R001A002	72057594037933836	0.090024	0.897260
S010C003P018R001A003	72057594037933836	0.089864	0.944000
S010C003P018R001A005	72057594037933836	0.088051	0.956989
S010C003P018R001A006	72057594037933836	0.086965	0.931818
S010C003P018R001A007	72057594037933836	0.083427	0.900000
S010C003P018R002A001	72057594037934307	0.053083	1.000000
S010C003P018R002A008	72057594037934499	0.050640	1.000000
S010C003P018R002A009	72057594037934499	0.042977	1.000000
S010C003P018R002A026	72057594037934548	0.032623	1.000000
S010C003P018R002A027	72057594037934548	0.035643	0.883333
S010C003P018R002A029	72057594037934548	0.034798	0.992188
S010C003P018R002A031	72057594037934548	0.032260	0.955056
S010C003P018R002A034	72057594037934548	0.032015	1.000000
S010C003P018R002A035	72057594037934548	0.039657	0.780822
S010C003P018R002A040	72057594037934548	0.031639	0.782609
S011C001P018R001A024	72057594037934969	0.065117	1.000000
S011C001P018R001A026	72057594037934969	0.066075	1.000000
S011C001P018R001A027	72057594037934969	0.064648	1.000000
S011C001P018R001A029	72057594037934969	0.064006	1.000000
S011C001P018R001A031	72057594037934969	0.065810	1.000000
S011C001P018R001A034	72057594037934969	0.065550	1.000000
S011C001P018R001A035	72057594037934969	0.060931	1.000000
S011C001P018R001A036	72057594037934969	0.059912	1.000000
S011C001P018R001A039	72057594037934969	0.058112	1.000000
S011C001P018R001A040	72057594037934969	0.064021	1.000000
S011C001P027R001A005	72057594037931499	0.040322	0.804124
S011C001P027R001A009	72057594037931499	0.042697	0.767123
S011C001P027R001A024	72057594037931499	0.040270	0.938462
S011C001P027R001A031	72057594037931499	0.038578	0.824561
S011C001P027R001A034	72057594037931499	0.036184	0.888889
S011C001P027R001A035	72057594037931499	0.041146	0.811594
S011C002P018R001A024	72057594037933650	0.048618	0.758621
S011C002P018R001A027	72057594037933650	0.051175	0.903226
S011C002P018R001A035	72057594037933650	0.049820	0.887500
S011C002P018R001A036	72057594037933650	0.052681	0.885246
S011C002P018R001A039	72057594037933650	0.056534	0.810345
S011C003P002R001A007	72057594037944223	1.322573	0.714286
S011C003P018R002A001	72057594037932860	0.546402	0.960000
S011C003P018R002A002	72057594037932860	1.515767	0.978261
S011C003P018R002A003	72057594037932860	0.485967	1.000000
S012C002P017R002A010	72057594037933878	0.087195	1.000000
S012C003P008R002A007	72057594037933719	0.080519	1.000000
S012C003P008R002A008	72057594037933719	0.083210	0.934783
S012C003P027R002A008	72057594037929181	0.076889	1.000000
S012C003P037R001A010	72057594037931945	0.058822	0.985075
S013C003P008R002A024	72057594037934302	0.100165	0.890909
S013C003P008R002A034	72057594037934302	0.109806	0.798246
S013C003P018R001A023	72057594037934315	0.077848	1.000000
S013C003P018R001A024	72057594037934315	0.078793	1.000000
S013C003P018R001A026	72057594037934315	0.077206	1.000000
S013C003P018R001A027	72057594037934315	0.077875	1.000000
S013C003P018R001A029	72057594037934315	0.077557	1.000000
S013C003P018R001A031	72057594037934315	0.077319	1.000000
S013C003P018R001A034	72057594037934315	0.083939	1.000000
S013C003P018R001A035	72057594037934315	0.083582	1.000000
S013C003P018R001A036	72057594037934315	0.082183	1.000000
S013C003P018R001A039	72057594037934315	0.082650	1.000000
S013C003P018R001A040	72057594037934315	0.083707	1.000000
S013C003P018R002A031	72057594037934386	0.133586	1.000000
S013C003P018R002A034	72057594037934386	0.116152	1.000000
S013C003P018R002A035	72057594037934386	0.128391	1.000000
S013C003P018R002A036	72057594037934386	0.125715	1.000000
S013C003P018R002A039	72057594037934386	0.133825	1.000000
S013C003P018R002A040	72057594037934386	0.122628	1.000000
S014C002P008R001A002	72057594037930606	0.075924	0.985294
S014C002P015R001A001	72057594037932114	0.111485	0.952381
S014C003P025R001A023	72057594037928923	0.088876	1.000000
S014C003P025R001A024	72057594037928923	0.087433	1.000000
S014C003P025R001A026	72057594037928923	0.082116	1.000000
S014C003P025R001A027	72057594037928923	0.098201	1.000000
S014C003P025R001A029	72057594037928923	0.101517	1.000000
S014C003P025R001A031	72057594037928923	0.092062	1.000000
S014C003P025R001A034	72057594037928923	0.100397	1.000000
S014C003P025R001A035	72057594037928923	0.094904	1.000000
S014C003P025R001A036	72057594037928923	0.105927	1.000000
S014C003P025R001A039	72057594037928923	0.111345	1.000000
S014C003P025R001A040	72057594037928923	0.095101	1.000000
S014C003P025R002A001	72057594037928923	0.103836	1.000000
S014C003P025R002A002	72057594037928923	0.101800	1.000000
S014C003P025R002A003	72057594037928923	0.118924	1.000000
S014C003P025R002A005	72057594037928923	0.099482	1.000000
S014C003P025R002A006	72057594037928923	0.092753	1.000000
S014C003P025R002A007	72057594037928923	0.107094	1.000000
S014C003P025R002A008	72057594037928923	0.101352	1.000000
S014C003P025R002A009	72057594037928923	0.107067	1.000000
S014C003P025R002A010	72057594037928923	0.094306	1.000000
S014C003P027R002A008	72057594037933003	0.075879	0.948276
S015C003P016R002A008	72057594037932964	0.121493	0.769231
S015C003P019R001A001	72057594037930301	0.115758	1.000000
S015C003P019R001A002	72057594037930301	0.121122	1.000000
S015C003P019R001A003	72057594037930301	0.131291	0.992248
S015C003P019R001A005	72057594037930301	0.119428	1.000000
S015C003P019R001A006	72057594037930301	0.116377	1.000000
S015C003P019R001A007	72057594037930301	0.112780	1.000000
S015C003P019R001A008	72057594037930301	0.122435	1.000000
S015C003P019R001A009	72057594037930301	0.111750	1.000000
S015C003P019R001A010	72057594037930301	0.110798	1.000000
S015C003P025R002A001	72057594037930301	0.119952	1.000000
S015C003P025R002A002	72057594037930301	0.118059	1.000000
S015C003P025R002A003	72057594037930301	0.124034	1.000000
S015C003P025R002A005	72057594037930301	0.115676	1.000000
S015C003P025R002A006	72057594037930301	0.124526	1.000000
S015C003P025R002A007	72057594037930301	0.124440	1.000000
S015C003P025R002A008	72057594037930301	0.113591	1.000000
S015C003P025R002A009	72057594037930301	0.126940	0.986486
S015C003P025R002A010	72057594037930301	0.111834	1.000000
S015C003P025R002A023	72057594037930301	0.122831	1.000000
S015C003P025R002A024	72057594037930301	0.122376	1.000000
S015C003P025R002A026	72057594037930301	0.126311	1.000000
S015C003P025R002A027	72057594037930301	0.127228	1.000000
S015C003P025R002A029	72057594037930301	0.115111	1.000000
S015C003P025R002A031	72057594037930301	0.113888	1.000000
S015C003P025R002A035	72057594037930301	0.116919	1.000000
S015C003P025R002A039	72057594037930301	0.111433	1.000000
S015C003P025R002A040	72057594037930301	0.118204	1.000000
S016C001P007R001A010	72057594037933896	0.049026	0.976744
S016C001P007R001A023	72057594037933896	0.043720	1.000000
S016C001P007R001A024	72057594037933896	0.058669	1.000000
S016C001P007R001A026	72057594037933896	0.046338	1.000000
S016C001P007R001A027	72057594037933896	0.041611	1.000000
S016C001P007R001A029	72057594037933896	0.045946	1.000000
S016C001P007R001A031	72057594037933896	0.044412	1.000000
S016C001P007R001A034	72057594037933896	0.045240	1.000000
S016C001P007R001A035	72057594037933896	0.053471	1.000000
S016C001P007R001A036	72057594037933896	0.052600	1.000000
S016C001P007R001A039	72057594037933896	0.049036	1.000000
S016C001P007R001A040	72057594037933896	0.047160	1.000000
S016C001P007R002A001	72057594037933896	0.048656	1.000000
S016C001P007R002A002	72057594037933896	0.040230	1.000000
S016C001P007R002A003	72057594037933896	0.043270	1.000000
S016C001P007R002A005	72057594037933896	0.044193	1.000000
S016C001P007R002A006	72057594037933896	0.044271	1.000000
S016C001P007R002A007	72057594037933896	0.046349	1.000000
S016C001P008R002A034	72057594037934861	0.104659	0.969697
S016C001P008R002A035	72057594037934861	0.100168	0.700000
S016C003P007R002A010	72057594037932623	0.086779	0.862500
S016C003P007R002A023	72057594037932623	0.082329	1.000000
S016C003P007R002A024	72057594037932623	0.075179	1.000000
S016C003P007R002A026	72057594037932623	0.078428	0.980769
S016C003P007R002A027	72057594037932623	0.073663	0.983607
S016C003P007R002A029	72057594037932623	0.075170	0.991935
S016C003P007R002A031	72057594037932623	0.079043	1.000000
S016C003P007R002A034	72057594037932623	0.077103	0.962025
S016C003P007R002A035	72057594037932623	0.077309	1.000000
S016C003P007R002A036	72057594037932623	0.074399	1.000000
S016C003P007R002A039	72057594037932623	0.075700	1.000000
S016C003P007R002A040	72057594037932623	0.076771	1.000000
S016C003P008R001A001	72057594037932791	0.084406	1.000000
S016C003P008R001A001	72057594037932623	0.071075	1.000000
S016C003P008R001A002	72057594037932791	0.076418	1.000000
S016C003P008R001A002	72057594037932623	0.083162	1.000000
S016C003P008R001A003	72057594037932791	0.080225	1.000000
S016C003P008R001A003	72057594037932623	0.080104	1.000000
S016C003P008R001A005	72057594037932791	0.076375	1.000000
S016C003P008R001A005	72057594037932623	0.079786	1.000000
S016C003P008R001A006	72057594037932791	0.065690	1.000000
S016C003P008R001A006	72057594037932623	0.078570	1.000000
S016C003P008R001A007	72057594037932791	0.087288	1.000000
S016C003P008R001A007	72057594037932623	0.078185	1.000000
S016C003P008R001A008	72057594037932791	0.069658	0.842857
S016C003P008R001A009	72057594037932791	0.084190	1.000000
S016C003P008R001A010	72057594037932791	0.071289	0.910256
S016C003P008R001A023	72057594037932791	0.102940	1.000000
S016C003P008R001A024	72057594037932791	0.088046	0.982143
S016C003P008R001A026	72057594037932791	0.057304	1.000000
S016C003P008R001A027	72057594037932791	0.049347	1.000000
S016C003P008R001A029	72057594037932791	0.093521	1.000000
S016C003P008R001A031	72057594037932791	0.086521	1.000000
S016C003P008R001A034	72057594037932791	0.084164	1.000000
S016C003P008R001A035	72057594037932791	0.087391	1.000000
S016C003P008R001A036	72057594037932791	0.100626	1.000000
S016C003P008R001A039	72057594037932791	0.087909	1.000000
S016C003P008R001A040	72057594037932791	0.071499	1.000000
S016C003P008R002A001	72057594037932791	0.061082	1.000000
S016C003P008R002A005	72057594037932791	0.075501	1.000000
S016C003P008R002A007	72057594037932791	0.095878	1.000000
S016C003P008R002A008	72057594037932791	0.091808	0.974359
S016C003P008R002A010	72057594037932791	0.086926	1.000000
S016C003P008R002A023	72057594037932791	0.075391	1.000000
S016C003P008R002A024	72057594037932791	0.061562	1.000000
S016C003P008R002A026	72057594037932791	0.082689	1.000000
S016C003P008R002A027	72057594037932791	0.073799	1.000000
S016C003P008R002A029	72057594037932791	0.083209	1.000000
S016C003P008R002A031	72057594037932791	0.078474	1.000000
S016C003P008R002A034	72057594037932791	0.081459	1.000000
S016C003P008R002A035	72057594037932791	0.078124	1.000000
S016C003P008R002A036	72057594037932791	0.100246	1.000000
S016C003P008R002A039	72057594037932791	0.095597	1.000000
S016C003P008R002A040	72057594037932791	0.088578	1.000000
S016C003P039R001A001	72057594037928910	0.093171	0.989474
S016C003P039R001A002	72057594037928910	0.122758	1.000000
S016C003P039R001A003	72057594037928910	0.088765	1.000000
S016C003P039R001A005	72057594037928910	0.137718	1.000000
S016C003P039R001A006	72057594037928910	0.068831	1.000000
S016C003P039R001A007	72057594037928910	0.119544	1.000000
S016C003P039R001A008	72057594037928910	0.096553	1.000000
S016C003P039R001A009	72057594037928910	0.094209	1.000000
S016C003P039R001A010	72057594037928910	0.085527	1.000000
S016C003P039R001A023	72057594037928910	0.070154	1.000000
S016C003P039R001A024	72057594037928910	0.095429	1.000000
S016C003P039R001A026	72057594037928910	0.095540	1.000000
S016C003P039R001A027	72057594037928910	0.062325	0.984127
S016C003P039R001A029	72057594037928910	0.081215	1.000000
S016C003P039R001A031	72057594037928910	0.064974	1.000000
S016C003P039R001A034	72057594037928910	0.088535	1.000000
S016C003P039R001A035	72057594037928910	0.075556	1.000000
S016C003P039R001A036	72057594037928910	0.063193	1.000000
S016C003P039R001A039	72057594037928910	0.077704	1.000000
S016C003P039R001A040	72057594037928910	0.074681	1.000000
S016C003P039R002A001	72057594037928910	0.077255	1.000000
S016C003P039R002A002	72057594037928910	0.067891	1.000000
S016C003P039R002A003	72057594037928910	0.091182	1.000000
S016C003P039R002A005	72057594037928910	0.083715	1.000000
S016C003P039R002A006	72057594037928910	0.101246	1.000000
S016C003P039R002A007	72057594037928910	0.090369	1.000000
S016C003P039R002A008	72057594037928910	0.117361	1.000000
S016C003P039R002A009	72057594037928910	0.135140	1.000000
S016C003P039R002A010	72057594037928910	0.129744	1.000000
S016C003P040R001A039	72057594037928910	0.096566	1.000000
S016C003P040R001A040	72057594037928910	0.113635	1.000000
S016C003P040R002A001	72057594037928910	0.107084	0.990000
S016C003P040R002A002	72057594037928910	0.156833	1.000000
S016C003P040R002A003	72057594037928910	0.152177	1.000000
S016C003P040R002A005	72057594037928910	0.113330	1.000000
S016C003P040R002A006	72057594037928910	0.105944	1.000000
S016C003P040R002A007	72057594037928910	0.111399	1.000000
S016C003P040R002A008	72057594037928910	0.115505	1.000000
S016C003P040R002A009	72057594037928910	0.115071	1.000000
S016C003P040R002A010	72057594037928910	0.114091	1.000000
S016C003P040R002A023	72057594037928910	0.077720	1.000000
S016C003P040R002A024	72057594037928910	0.107440	1.000000
S016C003P040R002A026	72057594037928910	0.108815	1.000000
S016C003P040R002A027	72057594037928910	0.085547	1.000000
S016C003P040R002A029	72057594037928910	0.087490	1.000000
S016C003P040R002A031	72057594037928910	0.124113	1.000000
S016C003P040R002A034	72057594037928910	0.101774	1.000000
S016C003P040R002A035	72057594037928910	0.085786	1.000000
S016C003P040R002A036	72057594037928910	0.090900	1.000000
S016C003P040R002A039	72057594037928910	0.079811	1.000000
S016C003P040R002A040	72057594037928910	0.097020	1.000000
S017C003P015R002A024	72057594037939303	0.082623	1.000000
S017C003P015R002A026	72057594037939303	0.122448	0.956044
S017C003P015R002A027	72057594037939303	0.111295	1.000000
S017C003P015R002A029	72057594037939303	0.114239	1.000000
S017C003P015R002A031	72057594037939303	0.114207	1.000000
S017C003P015R002A034	72057594037939303	0.120782	1.000000
S017C003P015R002A035	72057594037939303	0.123045	1.000000
S017C003P015R002A036	72057594037939303	0.127587	1.000000
S017C003P015R002A039	72057594037939303	0.124308	1.000000
S017C003P015R002A040	72057594037939303	0.119735	1.000000
S017C003P017R002A010	72057594037938774	0.087143	1.000000
      Skeleton      	     bodyID      	 Motion 	  Rate  
S001C001P001R001A024	72057594037931781	0.157074	1.000000
S001C001P001R001A026	72057594037931781	0.117885	0.951456
S001C001P001R001A027	72057594037931781	0.130834	1.000000
S001C001P001R001A029	72057594037931781	0.112425	1.000000
S001C001P002R001A031	72057594037932971	0.208949	0.980769
S001C001P002R001A034	72057594037932971	0.177563	1.000000
S001C001P002R001A035	72057594037932971	0.177592	1.000000
S001C001P002R001A036	72057594037932971	0.148835	0.990385
S001C001P003R001A001	72057594037936103	0.110893	0.838983
S001C001P003R001A031	72057594037936779	0.175178	0.946667
S001C001P003R002A005	72057594037937524	0.165835	1.000000
S001C001P003R002A026	72057594037937632	0.132771	1.000000
S001C001P003R002A027	72057594037937632	0.150402	1.000000
S001C002P005R002A002	72057594037938980	0.161087	1.000000
S001C002P005R002A003	72057594037938980	0.156821	1.000000
S001C002P008R001A024	72057594037942445	0.138677	0.839286
S001C002P008R001A026	72057594037942445	0.102559	0.977011
S001C002P008R001A027	72057594037942445	0.142680	0.965517
S001C002P008R001A029	72057594037942445	0.084105	0.832061
S001C002P008R001A035	72057594037942450	0.204779	1.000000
S001C002P008R001A036	72057594037942450	0.145159	1.000000
S001C002P008R001A039	72057594037942450	0.172367	1.000000
S001C002P008R001A040	72057594037942450	0.168493	1.000000
S001C003P001R001A024	72057594037931407	0.141099	1.000000
S001C003P001R001A026	72057594037931407	0.118884	1.000000
S001C003P001R001A027	72057594037931407	0.129099	1.000000
S001C003P001R001A029	72057594037931407	0.101731	1.000000
S001C003P003R002A026	72057594037937100	0.116728	0.743902
S001C003P003R002A027	72057594037937100	0.126168	1.000000
S001C003P008R002A023	72057594037944570	0.116835	0.847222
S001C003P008R002A024	72057594037944570	0.130538	0.809524
S001C003P008R002A026	72057594037944570	0.099212	0.747253
S001C003P008R002A027	72057594037944570	0.134264	0.844828
S002C001P011R002A007	72057594037935246	0.175188	1.000000
S003C001P002R001A039	72057594037949954	0.135244	0.983333
S003C001P002R001A040	72057594037949954	0.145899	0.962264
S003C001P018R001A039	72057594037938481	0.078503	0.763889
S003C001P018R002A010	72057594037939137	0.109817	0.946429
S003C001P018R002A023	72057594037939145	0.095215	0.969697
S003C002P002R001A010	72057594037952517	0.149440	0.819672
S003C003P002R002A010	72057594037948249	0.185291	0.837209
S003C003P002R002A023	72057594037948250	0.168412	0.827586
S003C003P002R002A024	72057594037948250	0.157767	0.843750
S003C003P002R002A026	72057594037948250	0.133529	0.858824
S003C003P002R002A027	72057594037948250	0.162625	0.774194
S003C003P002R002A029	72057594037948250	0.115167	0.951456
S003C003P002R002A031	72057594037948307	0.152876	1.000000
S003C003P002R002A034	72057594037948307	0.154844	0.981132
S003C003P002R002A035	72057594037948307	0.143899	0.948276
S003C003P002R002A036	72057594037948307	0.114345	1.000000
S003C003P002R002A039	72057594037948307	0.183579	0.953488
S003C003P002R002A040	72057594037948307	0.148111	0.982143
S003C003P008R002A023	72057594037950621	0.138691	1.000000
S003C003P008R002A024	72057594037950621	0.155042	1.000000
S003C003P008R002A026	72057594037950621	0.121021	1.000000
S003C003P008R002A027	72057594037950621	0.142493	1.000000
S003C003P008R002A029	72057594037950621	0.104671	0.983740
S003C003P008R002A031	72057594037950621	0.142646	1.000000
S003C003P008R002A034	72057594037950621	0.129895	0.967742
S003C003P008R002A035	72057594037950621	0.136785	0.962963
S003C003P008R002A036	72057594037950621	0.125708	0.965909
S003C003P008R002A039	72057594037950621	0.125234	0.988235
S003C003P008R002A040	72057594037950621	0.155172	0.936508
S004C001P003R001A035	72057594037933431	0.138538	0.826087
S004C001P007R002A024	72057594037930164	0.162870	0.800000
S004C001P007R002A026	72057594037930164	0.085255	0.869048
S004C001P008R002A010	72057594037930720	0.091661	0.965909
S004C001P020R001A031	72057594037931815	0.089318	0.830986
S004C001P020R001A034	72057594037931815	0.078844	0.933333
S004C001P020R001A035	72057594037931815	0.085329	0.925000
S004C002P008R002A010	72057594037931506	0.103337	0.965909
S004C003P003R001A039	72057594037931618	0.163103	0.924528
S004C003P003R001A040	72057594037931618	0.168420	0.735849
S004C003P008R002A023	72057594037929551	0.103844	1.000000
S004C003P008R002A024	72057594037929551	0.103171	1.000000
S004C003P008R002A026	72057594037929551	0.103450	1.000000
S004C003P008R002A027	72057594037929551	0.109205	1.000000
S004C003P008R002A029	72057594037929551	0.095717	1.000000
S004C003P008R002A031	72057594037929551	0.096037	1.000000
S004C003P008R002A034	72057594037929551	0.091903	1.000000
S004C003P008R002A035	72057594037929551	0.105208	1.000000
S004C003P008R002A036	72057594037929551	0.101542	1.000000
S004C003P008R002A039	72057594037929551	0.104744	1.000000
S004C003P008R002A040	72057594037929551	0.106846	1.000000
S004C003P020R001A001	72057594037929551	0.086270	1.000000
S004C003P020R001A002	72057594037929551	0.088859	1.000000
S004C003P020R001A003	72057594037929551	0.093441	1.000000
S004C003P020R001A005	72057594037929551	0.099705	1.000000
S004C003P020R001A006	72057594037929551	0.088752	1.000000
S004C003P020R001A007	72057594037929551	0.107531	1.000000
S005C002P016R001A008	72057594037936020	0.144525	1.000000
S007C001P007R002A024	72057594037932153	0.251718	0.854839
S007C001P008R001A023	72057594037944797	0.125569	1.000000
S007C001P008R001A024	72057594037944797	0.132811	1.000000
S007C001P008R001A026	72057594037944797	0.118186	0.890244
S007C001P008R001A027	72057594037944797	0.127809	1.000000
S007C001P008R001A029	72057594037944797	0.092277	0.986928
S007C001P008R001A031	72057594037944797	0.139120	0.949153
S007C001P015R002A024	72057594037956585	0.141189	0.842105
S007C001P015R002A026	72057594037956585	0.104978	0.758242
S007C001P017R001A007	72057594037954845	0.127692	0.893333
S007C002P007R001A010	72057594037936661	0.101774	0.931818
S007C002P008R001A039	72057594037958314	0.118693	1.000000
S007C002P008R001A040	72057594037958314	0.121880	0.875000
S007C002P008R002A003	72057594037958314	0.115083	0.731707
S007C002P008R002A007	72057594037958314	0.136657	0.813559
S007C002P018R002A008	72057594037945922	0.360442	0.888889
S007C002P025R001A023	72057594037940682	0.158267	0.982759
S007C002P025R001A024	72057594037940682	0.155144	0.931034
S007C002P025R001A026	72057594037940682	0.146472	0.984615
S007C002P025R001A027	72057594037940682	0.151869	0.983333
S007C002P025R001A029	72057594037940682	0.109826	0.990566
S007C002P025R002A023	72057594037941043	0.124343	0.944444
S007C002P025R002A024	72057594037941043	0.141931	0.942857
S007C002P025R002A026	72057594037941043	0.134566	0.846154
S007C002P025R002A027	72057594037941043	0.164483	0.912281
S007C002P025R002A029	72057594037941043	0.116623	0.882353
S008C002P001R001A001	72057594037934343	0.210708	1.000000
S008C002P001R001A002	72057594037934343	0.166875	1.000000
S008C002P001R001A003	72057594037934343	0.169904	0.989011
S008C002P001R001A005	72057594037934343	0.230379	1.000000
S008C002P001R001A006	72057594037934343	0.216033	1.000000
S008C002P001R001A007	72057594037934343	0.207955	1.000000
S008C002P001R001A008	72057594037934343	0.225233	1.000000
S010C001P018R002A001	72057594037936987	0.079437	1.000000
S010C001P018R002A003	72057594037937060	0.093426	1.000000
S010C001P018R002A005	72057594037937060	0.108239	1.000000
S010C001P018R002A006	72057594037937060	0.083447	1.000000
S010C001P018R002A007	72057594037937060	0.116186	1.000000
S010C001P018R002A024	72057594037937100	0.123371	1.000000
S010C001P018R002A026	72057594037937100	0.087517	0.986842
S010C001P018R002A027	72057594037937100	0.100481	0.983333
S010C001P018R002A029	72057594037937100	0.071354	0.976562
S010C001P018R002A031	72057594037937100	0.084019	0.988636
S010C001P018R002A034	72057594037937100	0.086360	0.936709
S010C001P018R002A035	72057594037937100	0.091453	1.000000
S010C001P018R002A036	72057594037937100	0.083000	1.000000
S010C001P018R002A039	72057594037937100	0.095297	1.000000
S010C001P018R002A040	72057594037937100	0.120145	0.978261
S010C002P018R002A001	72057594037937419	0.063689	0.991870
S010C002P018R002A026	72057594037937665	0.127806	0.710526
S010C002P018R002A027	72057594037937665	0.146333	1.000000
S010C002P018R002A029	72057594037937665	0.098974	1.000000
S010C002P018R002A031	72057594037937665	0.117819	0.965909
S010C002P018R002A034	72057594037937665	0.117616	0.987179
S010C002P018R002A035	72057594037937665	0.131825	1.000000
S010C002P018R002A036	72057594037937665	0.123930	1.000000
S010C002P018R002A039	72057594037937665	0.132870	1.000000
S010C002P018R002A040	72057594037937665	0.182994	1.000000
S010C003P018R001A001	72057594037933836	0.113646	0.789474
S010C003P018R001A002	72057594037933836	0.115016	0.897260
S010C003P018R001A003	72057594037933836	0.119050	0.944000
S010C003P018R001A005	72057594037933836	0.127138	0.956989
S010C003P018R001A006	72057594037933836	0.128511	0.931818
S010C003P018R001A007	72057594037933836	0.144204	0.900000
S010C003P018R002A001	72057594037934307	0.101960	1.000000
S010C003P018R002A008	72057594037934499	0.113993	1.000000
S010C003P018R002A009	72057594037934499	0.101004	1.000000
S010C003P018R002A026	72057594037934548	0.071099	1.000000
S010C003P018R002A027	72057594037934548	0.083280	0.900000
S010C003P018R002A029	72057594037934548	0.057564	0.992188
S010C003P018R002A031	72057594037934548	0.064521	0.955056
S010C003P018R002A034	72057594037934548	0.070041	1.000000
S010C003P018R002A035	72057594037934548	0.079819	0.780822
S010C003P018R002A040	72057594037934548	0.092782	0.782609
S011C001P018R001A024	72057594037934969	0.134166	1.000000
S011C001P018R001A026	72057594037934969	0.119693	1.000000
S011C001P018R001A027	72057594037934969	0.129241	1.000000
S011C001P018R001A029	72057594037934969	0.087324	1.000000
S011C001P018R001A031	72057594037934969	0.128076	1.000000
S011C001P018R001A034	72057594037934969	0.126277	1.000000
S011C001P018R001A035	72057594037934969	0.111706	1.000000
S011C001P018R001A036	72057594037934969	0.125391	1.000000
S011C001P018R001A039	72057594037934969	0.127063	1.000000
S011C001P018R001A040	72057594037934969	0.132866	1.000000
S011C001P027R001A005	72057594037931499	0.092443	0.804124
S011C001P027R001A009	72057594037931499	0.112244	0.767123
S011C001P027R001A024	72057594037931499	0.118846	0.938462
S011C001P027R001A031	72057594037931499	0.128769	0.842105
S011C001P027R001A034	72057594037931499	0.106945	0.888889
S011C001P027R001A035	72057594037931499	0.114960	0.811594
S011C002P018R001A024	72057594037933650	0.106490	0.775862
S011C002P018R001A027	72057594037933650	0.105777	0.903226
S011C002P018R001A035	72057594037933650	0.091659	0.887500
S011C002P018R001A036	72057594037933650	0.107554	0.885246
S011C002P018R001A039	72057594037933650	0.114434	0.810345
S011C003P002R001A007	72057594037944223	1.597350	0.714286
S011C003P018R002A001	72057594037932860	0.632435	0.960000
S011C003P018R002A002	72057594037932860	1.592715	1.000000
S011C003P018R002A003	72057594037932860	0.586904	1.000000
S012C002P017R002A010	72057594037933878	0.164909	1.000000
S012C003P008R002A007	72057594037933719	0.195246	0.983051
S012C003P008R002A008	72057594037933719	0.151698	0.934783
S012C003P027R002A008	72057594037929181	0.164672	1.000000
S012C003P037R001A010	72057594037931945	0.156775	1.000000
S013C003P008R002A024	72057594037934302	0.181671	0.890909
S013C003P008R002A034	72057594037934302	0.148629	0.798246
S013C003P018R001A023	72057594037934315	0.171327	1.000000
S013C003P018R001A024	72057594037934315	0.188785	1.000000
S013C003P018R001A026	72057594037934315	0.149285	1.000000
S013C003P018R001A027	72057594037934315	0.189121	1.000000
S013C003P018R001A029	72057594037934315	0.129880	1.000000
S013C003P018R001A031	72057594037934315	0.211388	1.000000
S013C003P018R001A034	72057594037934315	0.169682	1.000000
S013C003P018R001A035	72057594037934315	0.178248	1.000000
S013C003P018R001A036	72057594037934315	0.150963	1.000000
S013C003P018R001A039	72057594037934315	0.213036	1.000000
S013C003P018R001A040	72057594037934315	0.231435	1.000000
S013C003P018R002A031	72057594037934386	0.183681	0.985075
S013C003P018R002A034	72057594037934386	0.169775	0.984127
S013C003P018R002A035	72057594037934386	0.181467	0.984127
S013C003P018R002A036	72057594037934386	0.174182	1.000000
S013C003P018R002A039	72057594037934386	0.218693	0.975000
S013C003P018R002A040	72057594037934386	0.203733	0.975610
S014C002P008R001A002	72057594037930606	0.120953	0.985294
S014C002P015R001A001	72057594037932114	0.164088	0.952381
S014C003P025R001A023	72057594037928923	0.170997	1.000000
S014C003P025R001A024	72057594037928923	0.186889	1.000000
S014C003P025R001A026	72057594037928923	0.171772	1.000000
S014C003P025R001A027	72057594037928923	0.224105	1.000000
S014C003P025R001A029	72057594037928923	0.169731	1.000000
S014C003P025R001A031	72057594037928923	0.253892	1.000000
S014C003P025R001A034	72057594037928923	0.224131	1.000000
S014C003P025R001A035	72057594037928923	0.246300	1.000000
S014C003P025R001A036	72057594037928923	0.182365	1.000000
S014C003P025R001A039	72057594037928923	0.264849	1.000000
S014C003P025R001A040	72057594037928923	0.282668	1.000000
S014C003P025R002A001	72057594037928923	0.216801	1.000000
S014C003P025R002A002	72057594037928923	0.202739	1.000000
S014C003P025R002A003	72057594037928923	0.220273	1.000000
S014C003P025R002A005	72057594037928923	0.220172	1.000000
S014C003P025R002A006	72057594037928923	0.186161	1.000000
S014C003P025R002A007	72057594037928923	0.243040	1.000000
S014C003P025R002A008	72057594037928923	0.200587	1.000000
S014C003P025R002A009	72057594037928923	0.224546	1.000000
S014C003P025R002A010	72057594037928923	0.201742	1.000000
S014C003P027R002A008	72057594037933003	0.160329	0.948276
S015C003P016R002A008	72057594037932964	0.215975	0.769231
S015C003P019R001A001	72057594037930301	0.147731	1.000000
S015C003P019R001A002	72057594037930301	0.170781	1.000000
S015C003P019R001A003	72057594037930301	0.159394	0.992248
S015C003P019R001A005	72057594037930301	0.187746	1.000000
S015C003P019R001A006	72057594037930301	0.155320	1.000000
S015C003P019R001A007	72057594037930301	0.167171	1.000000
S015C003P019R001A008	72057594037930301	0.171225	1.000000
S015C003P019R001A009	72057594037930301	0.164298	1.000000
S015C003P019R001A010	72057594037930301	0.155673	1.000000
S015C003P025R002A001	72057594037930301	0.145236	1.000000
S015C003P025R002A002	72057594037930301	0.144007	1.000000
S015C003P025R002A003	72057594037930301	0.153217	1.000000
S015C003P025R002A005	72057594037930301	0.160464	1.000000
S015C003P025R002A006	72057594037930301	0.165720	1.000000
S015C003P025R002A007	72057594037930301	0.178694	1.000000
S015C003P025R002A008	72057594037930301	0.161979	1.000000
S015C003P025R002A009	72057594037930301	0.174682	0.986486
S015C003P025R002A010	72057594037930301	0.155891	1.000000
S015C003P025R002A023	72057594037930301	0.170288	1.000000
S015C003P025R002A024	72057594037930301	0.168061	1.000000
S015C003P025R002A026	72057594037930301	0.152802	1.000000
S015C003P025R002A027	72057594037930301	0.171377	1.000000
S015C003P025R002A029	72057594037930301	0.132469	1.000000
S015C003P025R002A031	72057594037930301	0.182576	1.000000
S015C003P025R002A035	72057594037930301	0.174605	1.000000
S015C003P025R002A039	72057594037930301	0.186418	1.000000
S015C003P025R002A040	72057594037930301	0.199569	1.000000
S016C001P007R001A010	72057594037933896	0.200231	0.976744
S016C001P007R001A023	72057594037933896	0.167329	1.000000
S016C001P007R001A024	72057594037933896	0.149163	1.000000
S016C001P007R001A026	72057594037933896	0.114527	1.000000
S016C001P007R001A027	72057594037933896	0.170139	1.000000
S016C001P007R001A029	72057594037933896	0.094041	1.000000
S016C001P007R001A031	72057594037933896	0.185933	1.000000
S016C001P007R001A034	72057594037933896	0.147556	1.000000
S016C001P007R001A035	72057594037933896	0.211764	1.000000
S016C001P007R001A036	72057594037933896	0.145070	1.000000
S016C001P007R001A039	72057594037933896	0.186985	1.000000
S016C001P007R001A040	72057594037933896	0.217874	1.000000
S016C001P007R002A001	72057594037933896	0.105740	1.000000
S016C001P007R002A002	72057594037933896	0.114711	1.000000
S016C001P007R002A003	72057594037933896	0.105655	1.000000
S016C001P007R002A005	72057594037933896	0.178323	1.000000
S016C001P007R002A006	72057594037933896	0.160990	1.000000
S016C001P007R002A007	72057594037933896	0.146791	1.000000
S016C001P008R002A034	72057594037934861	0.163820	0.969697
S016C001P008R002A035	72057594037934861	0.184016	0.700000
S016C003P007R002A010	72057594037932623	0.152582	0.875000
S016C003P007R002A023	72057594037932623	0.154660	1.000000
S016C003P007R002A024	72057594037932623	0.155861	1.000000
S016C003P007R002A026	72057594037932623	0.128214	0.980769
S016C003P007R002A027	72057594037932623	0.158628	0.983607
S016C003P007R002A029	72057594037932623	0.116825	0.991935
S016C003P007R002A031	72057594037932623	0.163272	1.000000
S016C003P007R002A034	72057594037932623	0.142635	0.974684
S016C003P007R002A035	72057594037932623	0.152722	1.000000
S016C003P007R002A036	72057594037932623	0.133506	1.000000
S016C003P007R002A039	72057594037932623	0.172257	1.000000
S016C003P007R002A040	72057594037932623	0.190850	1.000000
S016C003P008R001A001	72057594037932791	0.121549	1.000000
S016C003P008R001A001	72057594037932623	0.121886	1.000000
S016C003P008R001A002	72057594037932791	0.117421	1.000000
S016C003P008R001A002	72057594037932623	0.133911	1.000000
S016C003P008R001A003	72057594037932791	0.116611	1.000000
S016C003P008R001A003	72057594037932623	0.129522	1.000000
S016C003P008R001A005	72057594037932791	0.151934	1.000000
S016C003P008R001A005	72057594037932623	0.180564	1.000000
S016C003P008R001A006	72057594037932791	0.121616	1.000000
S016C003P008R001A006	72057594037932623	0.154458	1.000000
S016C003P008R001A007	72057594037932791	0.155062	1.000000
S016C003P008R001A007	72057594037932623	0.171356	1.000000
S016C003P008R001A008	72057594037932791	0.126402	0.842857
S016C003P008R001A009	72057594037932791	0.160972	1.000000
S016C003P008R001A010	72057594037932791	0.122113	0.910256
S016C003P008R001A023	72057594037932791	0.159508	1.000000
S016C003P008R001A024	72057594037932791	0.155685	0.982143
S016C003P008R001A026	72057594037932791	0.098872	1.000000
S016C003P008R001A027	72057594037932791	0.115343	1.000000
S016C003P008R001A029	72057594037932791	0.125354	1.000000
S016C003P008R001A031	72057594037932791	0.167500	1.000000
S016C003P008R001A034	72057594037932791	0.132085	1.000000
S016C003P008R001A035	72057594037932791	0.145204	1.000000
S016C003P008R001A036	72057594037932791	0.152713	1.000000
S016C003P008R001A039	72057594037932791	0.167544	1.000000
S016C003P008R001A040	72057594037932791	0.160837	1.000000
S016C003P008R002A001	72057594037932791	0.106457	1.000000
S016C003P008R002A005	72057594037932791	0.156829	1.000000
S016C003P008R002A007	72057594037932791	0.159688	1.000000
S016C003P008R002A008	72057594037932791	0.141098	0.974359
S016C003P008R002A010	72057594037932791	0.134415	1.000000
S016C003P008R002A023	72057594037932791	0.134196	1.000000
S016C003P008R002A024	72057594037932791	0.120355	1.000000
S016C003P008R002A026	72057594037932791	0.126846	1.000000
S016C003P008R002A027	72057594037932791	0.130112	1.000000
S016C003P008R002A029	72057594037932791	0.105948	1.000000
S016C003P008R002A031	72057594037932791	0.132095	1.000000
S016C003P008R002A034	72057594037932791	0.119259	1.000000
S016C003P008R002A035	72057594037932791	0.133469	1.000000
S016C003P008R002A036	72057594037932791	0.141114	1.000000
S016C003P008R002A039	72057594037932791	0.157950	1.000000
S016C003P008R002A040	72057594037932791	0.201563	1.000000
S016C003P039R001A001	72057594037928910	0.133664	0.989474
S016C003P039R001A002	72057594037928910	0.181283	1.000000
S016C003P039R001A003	72057594037928910	0.125399	1.000000
S016C003P039R001A005	72057594037928910	0.201546	1.000000
S016C003P039R001A006	72057594037928910	0.128585	1.000000
S016C003P039R001A007	72057594037928910	0.183065	1.000000
S016C003P039R001A008	72057594037928910	0.144422	1.000000
S016C003P039R001A009	72057594037928910	0.170263	1.000000
S016C003P039R001A010	72057594037928910	0.153663	1.000000
S016C003P039R001A023	72057594037928910	0.124026	1.000000
S016C003P039R001A024	72057594037928910	0.154447	1.000000
S016C003P039R001A026	72057594037928910	0.132579	1.000000
S016C003P039R001A027	72057594037928910	0.125072	0.984127
S016C003P039R001A029	72057594037928910	0.109655	1.000000
S016C003P039R001A031	72057594037928910	0.149905	1.000000
S016C003P039R001A034	72057594037928910	0.138276	1.000000
S016C003P039R001A035	72057594037928910	0.126172	1.000000
S016C003P039R001A036	72057594037928910	0.132491	1.000000
S016C003P039R001A039	72057594037928910	0.155648	1.000000
S016C003P039R001A040	72057594037928910	0.149814	1.000000
S016C003P039R002A001	72057594037928910	0.113869	1.000000
S016C003P039R002A002	72057594037928910	0.114742	1.000000
S016C003P039R002A003	72057594037928910	0.137257	1.000000
S016C003P039R002A005	72057594037928910	0.135003	1.000000
S016C003P039R002A006	72057594037928910	0.145603	1.000000
S016C003P039R002A007	72057594037928910	0.159363	1.000000
S016C003P039R002A008	72057594037928910	0.179752	1.000000
S016C003P039R002A009	72057594037928910	0.183322	1.000000
S016C003P039R002A010	72057594037928910	0.191232	1.000000
S016C003P040R001A039	72057594037928910	0.172332	1.000000
S016C003P040R001A040	72057594037928910	0.199196	1.000000
S016C003P040R002A001	72057594037928910	0.143842	0.990000
S016C003P040R002A002	72057594037928910	0.218235	1.000000
S016C003P040R002A003	72057594037928910	0.190386	1.000000
S016C003P040R002A005	72057594037928910	0.176570	1.000000
S016C003P040R002A006	72057594037928910	0.159456	1.000000
S016C003P040R002A007	72057594037928910	0.191420	1.000000
S016C003P040R002A008	72057594037928910	0.173992	1.000000
S016C003P040R002A009	72057594037928910	0.196813	1.000000
S016C003P040R002A010	72057594037928910	0.182794	1.000000
S016C003P040R002A023	72057594037928910	0.142494	1.000000
S016C003P040R002A024	72057594037928910	0.192700	1.000000
S016C003P040R002A026	72057594037928910	0.155088	1.000000
S016C003P040R002A027	72057594037928910	0.147633	1.000000
S016C003P040R002A029	72057594037928910	0.119491	1.000000
S016C003P040R002A031	72057594037928910	0.209042	1.000000
S016C003P040R002A034	72057594037928910	0.158072	1.000000
S016C003P040R002A035	72057594037928910	0.144626	1.000000
S016C003P040R002A036	72057594037928910	0.145564	1.000000
S016C003P040R002A039	72057594037928910	0.162317	1.000000
S016C003P040R002A040	72057594037928910	0.180148	1.000000
S017C003P015R002A024	72057594037939303	0.193995	1.000000
S017C003P015R002A026	72057594037939303	0.177194	0.956044
S017C003P015R002A027	72057594037939303	0.227458	1.000000
S017C003P015R002A029	72057594037939303	0.166108	1.000000
S017C003P015R002A031	72057594037939303	0.236911	1.000000
S017C003P015R002A034	72057594037939303	0.225578	1.000000
S017C003P015R002A035	72057594037939303	0.194129	1.000000
S017C003P015R002A036	72057594037939303	0.216682	1.000000
S017C003P015R002A039	72057594037939303	0.237273	1.000000
S017C003P015R002A040	72057594037939303	0.236209	1.000000
S017C003P017R002A010	72057594037938774	0.225642	1.000000
      Skeleton      	     bodyID      	 Motion 	  Rate  
      Skeleton      	     bodyID      	 Motion 	  Rate  
      Skeleton      	     bodyID      	 Motion 	  Rate  
S001C001P001R001A024	72057594037931781	0.070952	1.000000
S001C001P001R001A026	72057594037931781	0.059786	0.941748
S001C001P001R001A027	72057594037931781	0.064289	1.000000
S001C001P001R001A029	72057594037931781	0.063493	1.000000
S001C001P002R001A031	72057594037932971	0.074658	1.000000
S001C001P002R001A034	72057594037932971	0.076439	1.000000
S001C001P002R001A035	72057594037932971	0.084020	1.000000
S001C001P002R001A036	72057594037932971	0.074984	1.000000
S001C001P003R001A001	72057594037936103	0.038993	0.906780
S001C001P003R001A031	72057594037936779	0.056596	0.773333
S001C001P003R002A005	72057594037937524	0.047873	1.000000
S001C001P003R002A026	72057594037937632	0.051349	1.000000
S001C001P003R002A027	72057594037937632	0.056740	1.000000
S001C002P005R002A002	72057594037938980	0.038967	1.000000
S001C002P005R002A003	72057594037938980	0.034617	1.000000
S001C002P008R001A024	72057594037942445	0.038671	0.803571
S001C002P008R001A026	72057594037942445	0.037644	0.965517
S001C002P008R001A027	72057594037942445	0.042737	0.948276
S001C002P008R001A029	72057594037942445	0.038029	0.801527
S001C002P008R001A035	72057594037942450	0.069638	1.000000
S001C002P008R001A036	72057594037942450	0.065312	1.000000
S001C002P008R001A039	72057594037942450	0.050599	1.000000
S001C002P008R001A040	72057594037942450	0.052521	1.000000
S001C003P001R001A024	72057594037931407	0.055471	1.000000
S001C003P001R001A026	72057594037931407	0.052732	1.000000
S001C003P001R001A027	72057594037931407	0.053362	1.000000
S001C003P001R001A029	72057594037931407	0.052681	1.000000
S001C003P003R002A026	72057594037937100	0.036729	0.731707
S001C003P003R002A027	72057594037937100	0.035378	1.000000
S001C003P008R002A023	72057594037944570	0.033637	0.888889
S001C003P008R002A026	72057594037944570	0.033724	0.780220
S001C003P008R002A027	72057594037944570	0.033176	0.965517
S002C001P011R002A007	72057594037935246	0.093142	1.000000
S003C001P002R001A035	72057594037949954	0.048258	0.758621
S003C001P002R001A036	72057594037949954	0.047826	0.717949
S003C001P002R001A039	72057594037949954	0.059752	1.000000
S003C001P002R001A040	72057594037949954	0.061890	1.000000
S003C001P018R002A010	72057594037939137	0.052934	1.000000
S003C001P018R002A023	72057594037939145	0.050169	0.984848
S003C002P002R001A010	72057594037952517	0.067617	1.000000
S003C003P002R002A010	72057594037948249	0.060864	0.883721
S003C003P002R002A023	72057594037948250	0.044098	0.965517
S003C003P002R002A024	72057594037948250	0.044174	0.875000
S003C003P002R002A026	72057594037948250	0.046550	0.823529
S003C003P002R002A027	72057594037948250	0.044999	0.854839
S003C003P002R002A029	72057594037948250	0.044064	0.980583
S003C003P002R002A031	72057594037948307	0.041269	1.000000
S003C003P002R002A034	72057594037948307	0.039579	1.000000
S003C003P002R002A035	72057594037948307	0.039676	0.965517
S003C003P002R002A036	72057594037948307	0.039252	1.000000
S003C003P002R002A039	72057594037948307	0.041674	0.976744
S003C003P002R002A040	72057594037948307	0.039555	1.000000
S003C003P008R002A023	72057594037950621	0.064764	1.000000
S003C003P008R002A024	72057594037950621	0.064309	1.000000
S003C003P008R002A026	72057594037950621	0.062018	1.000000
S003C003P008R002A027	72057594037950621	0.064611	1.000000
S003C003P008R002A029	72057594037950621	0.054859	0.983740
S003C003P008R002A031	72057594037950621	0.059531	1.000000
S003C003P008R002A034	72057594037950621	0.062388	0.967742
S003C003P008R002A035	72057594037950621	0.061475	0.962963
S003C003P008R002A036	72057594037950621	0.056803	0.965909
S003C003P008R002A039	72057594037950621	0.055023	0.988235
S003C003P008R002A040	72057594037950621	0.059034	0.936508
S004C001P007R002A024	72057594037930164	0.036962	0.766667
S004C001P007R002A026	72057594037930164	0.038286	0.845238
S004C001P007R002A029	72057594037930164	0.036880	0.826531
S004C001P008R002A010	72057594037930720	0.042914	0.965909
S004C001P020R001A031	72057594037931815	0.036346	0.915493
S004C001P020R001A034	72057594037931815	0.035973	0.900000
S004C001P020R001A035	72057594037931815	0.037242	0.937500
S004C002P008R002A010	72057594037931506	0.035158	0.965909
S004C003P003R001A039	72057594037931618	0.034107	0.905660
S004C003P003R001A040	72057594037931618	0.036105	0.735849
S004C003P008R002A023	72057594037929551	0.063577	1.000000
S004C003P008R002A024	72057594037929551	0.065247	1.000000
S004C003P008R002A026	72057594037929551	0.067935	1.000000
S004C003P008R002A027	72057594037929551	0.068828	1.000000
S004C003P008R002A029	72057594037929551	0.069130	1.000000
S004C003P008R002A031	72057594037929551	0.062966	1.000000
S004C003P008R002A034	72057594037929551	0.064213	1.000000
S004C003P008R002A035	72057594037929551	0.071111	1.000000
S004C003P008R002A036	72057594037929551	0.068941	1.000000
S004C003P008R002A039	72057594037929551	0.067013	1.000000
S004C003P008R002A040	72057594037929551	0.065972	1.000000
S004C003P020R001A001	72057594037929551	0.065135	1.000000
S004C003P020R001A002	72057594037929551	0.066965	1.000000
S004C003P020R001A003	72057594037929551	0.066593	1.000000
S004C003P020R001A005	72057594037929551	0.067672	1.000000
S004C003P020R001A006	72057594037929551	0.064642	1.000000
S004C003P020R001A007	72057594037929551	0.068325	1.000000
S005C002P016R001A008	72057594037936020	0.085184	1.000000
S007C001P007R002A024	72057594037932153	0.176280	0.854839
S007C001P008R001A023	72057594037944797	0.055357	1.000000
S007C001P008R001A024	72057594037944797	0.056146	1.000000
S007C001P008R001A026	72057594037944797	0.055762	0.890244
S007C001P008R001A027	72057594037944797	0.055700	1.000000
S007C001P008R001A029	72057594037944797	0.055473	0.986928
S007C001P008R001A031	72057594037944797	0.056496	0.949153
S007C001P015R002A024	72057594037956585	0.040647	0.771930
S007C001P017R001A007	72057594037954845	0.046054	0.853333
S007C002P007R001A010	72057594037936661	0.048572	0.909091
S007C002P008R001A039	72057594037958314	0.056446	1.000000
S007C002P008R001A040	72057594037958314	0.058659	0.890625
S007C002P008R002A003	72057594037958314	0.057791	0.902439
S007C002P008R002A005	72057594037958314	0.061722	0.736842
S007C002P008R002A006	72057594037958314	0.061754	0.931373
S007C002P008R002A007	72057594037958314	0.057837	1.000000
S007C002P018R002A008	72057594037945922	0.031143	0.944444
S007C002P025R001A023	72057594037940682	0.048314	1.000000
S007C002P025R001A024	72057594037940682	0.046047	0.965517
S007C002P025R001A026	72057594037940682	0.047644	1.000000
S007C002P025R001A027	72057594037940682	0.045863	1.000000
S007C002P025R001A029	72057594037940682	0.046536	1.000000
S007C002P025R002A023	72057594037941043	0.046035	0.922222
S007C002P025R002A024	72057594037941043	0.044242	0.842857
S007C002P025R002A027	72057594037941043	0.045202	0.912281
S007C002P025R002A029	72057594037941043	0.036449	0.776471
S008C002P001R001A001	72057594037934343	0.082750	1.000000
S008C002P001R001A002	72057594037934343	0.082563	1.000000
S008C002P001R001A003	72057594037934343	0.082537	0.989011
S008C002P001R001A005	72057594037934343	0.079313	1.000000
S008C002P001R001A006	72057594037934343	0.085692	1.000000
S008C002P001R001A007	72057594037934343	0.080215	1.000000
S008C002P001R001A008	72057594037934343	0.068404	1.000000
S010C001P018R002A001	72057594037936987	0.043009	1.000000
S010C001P018R002A003	72057594037937060	0.041168	1.000000
S010C001P018R002A005	72057594037937060	0.041810	1.000000
S010C001P018R002A006	72057594037937060	0.041535	1.000000
S010C001P018R002A007	72057594037937060	0.041884	1.000000
S010C001P018R002A024	72057594037937100	0.042324	1.000000
S010C001P018R002A026	72057594037937100	0.040694	0.986842
S010C001P018R002A027	72057594037937100	0.041445	0.933333
S010C001P018R002A029	72057594037937100	0.042466	0.968750
S010C001P018R002A031	72057594037937100	0.042699	0.954545
S010C001P018R002A034	72057594037937100	0.041237	0.898734
S010C001P018R002A035	72057594037937100	0.040776	1.000000
S010C001P018R002A036	72057594037937100	0.039655	1.000000
S010C001P018R002A039	72057594037937100	0.041001	1.000000
S010C001P018R002A040	72057594037937100	0.042443	0.956522
S010C002P018R002A001	72057594037937419	0.038120	1.000000
S010C002P018R002A026	72057594037937665	0.054191	0.776316
S010C002P018R002A027	72057594037937665	0.059186	1.000000
S010C002P018R002A029	72057594037937665	0.053342	1.000000
S010C002P018R002A031	72057594037937665	0.056148	0.965909
S010C002P018R002A034	72057594037937665	0.050659	1.000000
S010C002P018R002A035	72057594037937665	0.056090	1.000000
S010C002P018R002A036	72057594037937665	0.057949	1.000000
S010C002P018R002A039	72057594037937665	0.052076	1.000000
S010C002P018R002A040	72057594037937665	0.061252	1.000000
S010C003P018R001A001	72057594037933836	0.069671	0.789474
S010C003P018R001A002	72057594037933836	0.075326	0.863014
S010C003P018R001A003	72057594037933836	0.074135	0.952000
S010C003P018R001A005	72057594037933836	0.074924	0.913978
S010C003P018R001A006	72057594037933836	0.073932	0.920455
S010C003P018R001A007	72057594037933836	0.071251	0.833333
S010C003P018R002A001	72057594037934307	0.044630	1.000000
S010C003P018R002A008	72057594037934499	0.048984	1.000000
S010C003P018R002A009	72057594037934499	0.043911	0.983871
S010C003P018R002A024	72057594037934548	0.034001	0.704545
S010C003P018R002A026	72057594037934548	0.030138	1.000000
S010C003P018R002A027	72057594037934548	0.031719	0.916667
S010C003P018R002A029	72057594037934548	0.031805	1.000000
S010C003P018R002A031	72057594037934548	0.029800	0.966292
S010C003P018R002A034	72057594037934548	0.029984	1.000000
S010C003P018R002A035	72057594037934548	0.035928	0.780822
S010C003P018R002A040	72057594037934548	0.030820	0.782609
S011C001P018R001A024	72057594037934969	0.057609	1.000000
S011C001P018R001A026	72057594037934969	0.057466	1.000000
S011C001P018R001A027	72057594037934969	0.056530	1.000000
S011C001P018R001A029	72057594037934969	0.055466	1.000000
S011C001P018R001A031	72057594037934969	0.056198	1.000000
S011C001P018R001A034	72057594037934969	0.056670	1.000000
S011C001P018R001A035	72057594037934969	0.050950	1.000000
S011C001P018R001A036	72057594037934969	0.050451	1.000000
S011C001P018R001A039	72057594037934969	0.049629	1.000000
S011C001P018R001A040	72057594037934969	0.053561	1.000000
S011C001P027R001A005	72057594037931499	0.033623	0.804124
S011C001P027R001A009	72057594037931499	0.034754	0.808219
S011C001P027R001A024	72057594037931499	0.033779	0.907692
S011C001P027R001A034	72057594037931499	0.031510	0.875000
S011C001P027R001A035	72057594037931499	0.034973	0.826087
S011C002P018R001A026	72057594037933650	0.041455	0.756757
S011C002P018R001A027	72057594037933650	0.044847	0.935484
S011C002P018R001A029	72057594037933650	0.050916	0.703488
S011C002P018R001A031	72057594037933650	0.051043	0.765625
S011C002P018R001A034	72057594037933650	0.046106	0.742424
S011C002P018R001A035	72057594037933650	0.043288	0.912500
S011C002P018R001A036	72057594037933650	0.045389	0.967213
S011C002P018R001A039	72057594037933650	0.047665	0.931034
S011C003P002R001A007	72057594037944223	1.505224	0.714286
S011C003P018R001A027	72057594037932860	0.060645	0.852459
S011C003P018R002A001	72057594037932860	0.582261	1.000000
S011C003P018R002A002	72057594037932860	1.607888	0.978261
S011C003P018R002A003	72057594037932860	0.512422	1.000000
S012C002P017R002A010	72057594037933878	0.070751	1.000000
S012C003P008R002A007	72057594037933719	0.074002	1.000000
S012C003P008R002A008	72057594037933719	0.072990	0.945652
S012C003P027R002A008	72057594037929181	0.063245	1.000000
S012C003P037R001A010	72057594037931945	0.058374	0.985075
S013C003P008R002A024	72057594037934302	0.086332	0.854545
S013C003P008R002A027	72057594037934302	0.087471	0.750000
S013C003P008R002A034	72057594037934302	0.096161	0.859649
S013C003P008R002A040	72057594037934302	0.082745	0.873016
S013C003P018R001A023	72057594037934315	0.072479	1.000000
S013C003P018R001A024	72057594037934315	0.073139	1.000000
S013C003P018R001A026	72057594037934315	0.073407	1.000000
S013C003P018R001A027	72057594037934315	0.073033	1.000000
S013C003P018R001A029	72057594037934315	0.073884	1.000000
S013C003P018R001A031	72057594037934315	0.071608	1.000000
S013C003P018R001A034	72057594037934315	0.074680	1.000000
S013C003P018R001A035	72057594037934315	0.074187	1.000000
S013C003P018R001A036	72057594037934315	0.073139	1.000000
S013C003P018R001A039	72057594037934315	0.073705	1.000000
S013C003P018R001A040	72057594037934315	0.075297	1.000000
S013C003P018R002A031	72057594037934386	0.122475	1.000000
S013C003P018R002A034	72057594037934386	0.108500	1.000000
S013C003P018R002A035	72057594037934386	0.119844	1.000000
S013C003P018R002A036	72057594037934386	0.118591	1.000000
S013C003P018R002A039	72057594037934386	0.126180	1.000000
S013C003P018R002A040	72057594037934386	0.112155	1.000000
S014C002P008R001A002	72057594037930606	0.067509	0.985294
S014C002P015R001A001	72057594037932114	0.106694	0.952381
S014C003P025R001A023	72057594037928923	0.074431	1.000000
S014C003P025R001A024	72057594037928923	0.074270	1.000000
S014C003P025R001A026	72057594037928923	0.071632	1.000000
S014C003P025R001A027	72057594037928923	0.081157	1.000000
S014C003P025R001A029	72057594037928923	0.082384	1.000000
S014C003P025R001A031	72057594037928923	0.077617	1.000000
S014C003P025R001A034	72057594037928923	0.081923	1.000000
S014C003P025R001A035	72057594037928923	0.078142	1.000000
S014C003P025R001A036	72057594037928923	0.084419	1.000000
S014C003P025R001A039	72057594037928923	0.088977	1.000000
S014C003P025R001A040	72057594037928923	0.077229	1.000000
S014C003P025R002A001	72057594037928923	0.082721	1.000000
S014C003P025R002A002	72057594037928923	0.080896	1.000000
S014C003P025R002A003	72057594037928923	0.095752	1.000000
S014C003P025R002A005	72057594037928923	0.078675	1.000000
S014C003P025R002A006	72057594037928923	0.074811	1.000000
S014C003P025R002A007	72057594037928923	0.085764	1.000000
S014C003P025R002A008	72057594037928923	0.081845	1.000000
S014C003P025R002A009	72057594037928923	0.088612	1.000000
S014C003P025R002A010	72057594037928923	0.077720	1.000000
S014C003P027R002A008	72057594037933003	0.065219	0.931034
S015C003P016R002A008	72057594037932964	0.110397	0.903846
S015C003P019R001A001	72057594037930301	0.107341	1.000000
S015C003P019R001A002	72057594037930301	0.109674	1.000000
S015C003P019R001A003	72057594037930301	0.115075	0.992248
S015C003P019R001A005	72057594037930301	0.104390	1.000000
S015C003P019R001A006	72057594037930301	0.107070	1.000000
S015C003P019R001A007	72057594037930301	0.105057	1.000000
S015C003P019R001A008	72057594037930301	0.106873	0.986667
S015C003P019R001A009	72057594037930301	0.103756	1.000000
S015C003P019R001A010	72057594037930301	0.103789	0.975309
S015C003P025R002A001	72057594037930301	0.110297	1.000000
S015C003P025R002A002	72057594037930301	0.106128	1.000000
S015C003P025R002A003	72057594037930301	0.111205	1.000000
S015C003P025R002A005	72057594037930301	0.107260	1.000000
S015C003P025R002A006	72057594037930301	0.111276	1.000000
S015C003P025R002A007	72057594037930301	0.113219	1.000000
S015C003P025R002A008	72057594037930301	0.108489	1.000000
S015C003P025R002A009	72057594037930301	0.117504	0.986486
S015C003P025R002A010	72057594037930301	0.107048	1.000000
S015C003P025R002A023	72057594037930301	0.109397	1.000000
S015C003P025R002A024	72057594037930301	0.110069	0.987342
S015C003P025R002A026	72057594037930301	0.114775	1.000000
S015C003P025R002A027	72057594037930301	0.115331	1.000000
S015C003P025R002A029	72057594037930301	0.107460	1.000000
S015C003P025R002A031	72057594037930301	0.106596	1.000000
S015C003P025R002A035	72057594037930301	0.108190	1.000000
S015C003P025R002A039	72057594037930301	0.105835	1.000000
S015C003P025R002A040	72057594037930301	0.108384	1.000000
S016C001P007R001A010	72057594037933896	0.044088	1.000000
S016C001P007R001A023	72057594037933896	0.043869	1.000000
S016C001P007R001A024	72057594037933896	0.051200	1.000000
S016C001P007R001A026	72057594037933896	0.043841	1.000000
S016C001P007R001A027	72057594037933896	0.040208	1.000000
S016C001P007R001A029	72057594037933896	0.041746	1.000000
S016C001P007R001A031	72057594037933896	0.039060	1.000000
S016C001P007R001A034	72057594037933896	0.039237	1.000000
S016C001P007R001A035	72057594037933896	0.045936	1.000000
S016C001P007R001A036	72057594037933896	0.044214	1.000000
S016C001P007R001A039	72057594037933896	0.043944	1.000000
S016C001P007R001A040	72057594037933896	0.044467	1.000000
S016C001P007R002A001	72057594037933896	0.046010	1.000000
S016C001P007R002A002	72057594037933896	0.038492	1.000000
S016C001P007R002A003	72057594037933896	0.042632	1.000000
S016C001P007R002A005	72057594037933896	0.043456	1.000000
S016C001P007R002A006	72057594037933896	0.042278	1.000000
S016C001P007R002A007	72057594037933896	0.046241	1.000000
S016C001P007R002A008	72057594037933896	0.096045	0.740000
S016C001P008R002A034	72057594037934861	0.094712	0.878788
S016C001P008R002A035	72057594037934861	0.089829	0.700000
S016C003P007R002A010	72057594037932623	0.076696	0.925000
S016C003P007R002A023	72057594037932623	0.076605	1.000000
S016C003P007R002A024	72057594037932623	0.068173	0.984615
S016C003P007R002A026	72057594037932623	0.073900	0.980769
S016C003P007R002A027	72057594037932623	0.065753	0.934426
S016C003P007R002A029	72057594037932623	0.073849	1.000000
S016C003P007R002A031	72057594037932623	0.073908	1.000000
S016C003P007R002A034	72057594037932623	0.075064	1.000000
S016C003P007R002A035	72057594037932623	0.075817	1.000000
S016C003P007R002A036	72057594037932623	0.074853	1.000000
S016C003P007R002A039	72057594037932623	0.075711	1.000000
S016C003P007R002A040	72057594037932623	0.076575	1.000000
S016C003P008R001A001	72057594037932791	0.072318	1.000000
S016C003P008R001A001	72057594037932623	0.059829	1.000000
S016C003P008R001A002	72057594037932791	0.062736	1.000000
S016C003P008R001A002	72057594037932623	0.073242	1.000000
S016C003P008R001A003	72057594037932791	0.068546	1.000000
S016C003P008R001A003	72057594037932623	0.074534	1.000000
S016C003P008R001A005	72057594037932791	0.064215	1.000000
S016C003P008R001A005	72057594037932623	0.077894	1.000000
S016C003P008R001A006	72057594037932791	0.056631	1.000000
S016C003P008R001A006	72057594037932623	0.074929	1.000000
S016C003P008R001A007	72057594037932791	0.072808	1.000000
S016C003P008R001A007	72057594037932623	0.076051	1.000000
S016C003P008R001A008	72057594037932791	0.063028	0.828571
S016C003P008R001A009	72057594037932791	0.067719	1.000000
S016C003P008R001A010	72057594037932791	0.064667	0.884615
S016C003P008R001A023	72057594037932791	0.085966	1.000000
S016C003P008R001A024	72057594037932791	0.073542	0.982143
S016C003P008R001A026	72057594037932791	0.048209	1.000000
S016C003P008R001A027	72057594037932791	0.041893	0.983871
S016C003P008R001A029	72057594037932791	0.077326	1.000000
S016C003P008R001A031	72057594037932791	0.072256	1.000000
S016C003P008R001A034	72057594037932791	0.070013	1.000000
S016C003P008R001A035	72057594037932791	0.073548	1.000000
S016C003P008R001A036	72057594037932791	0.083736	1.000000
S016C003P008R001A039	72057594037932791	0.075843	1.000000
S016C003P008R001A040	72057594037932791	0.063148	1.000000
S016C003P008R002A001	72057594037932791	0.051361	1.000000
S016C003P008R002A005	72057594037932791	0.065339	1.000000
S016C003P008R002A007	72057594037932791	0.079039	1.000000
S016C003P008R002A008	72057594037932791	0.077128	1.000000
S016C003P008R002A010	72057594037932791	0.072003	1.000000
S016C003P008R002A023	72057594037932791	0.061103	0.984848
S016C003P008R002A024	72057594037932791	0.054047	1.000000
S016C003P008R002A026	72057594037932791	0.070160	1.000000
S016C003P008R002A027	72057594037932791	0.063278	1.000000
S016C003P008R002A029	72057594037932791	0.069704	1.000000
S016C003P008R002A031	72057594037932791	0.067007	1.000000
S016C003P008R002A034	72057594037932791	0.067182	1.000000
S016C003P008R002A035	72057594037932791	0.064623	1.000000
S016C003P008R002A036	72057594037932791	0.081338	1.000000
S016C003P008R002A039	72057594037932791	0.081270	1.000000
S016C003P008R002A040	72057594037932791	0.074860	1.000000
S016C003P039R001A001	72057594037928910	0.069555	1.000000
S016C003P039R001A002	72057594037928910	0.088328	1.000000
S016C003P039R001A003	72057594037928910	0.074185	1.000000
S016C003P039R001A005	72057594037928910	0.108713	1.000000
S016C003P039R001A006	72057594037928910	0.062278	1.000000
S016C003P039R001A007	72057594037928910	0.092510	1.000000
S016C003P039R001A008	72057594037928910	0.075266	1.000000
S016C003P039R001A009	72057594037928910	0.071657	1.000000
S016C003P039R001A010	72057594037928910	0.066256	1.000000
S016C003P039R001A023	72057594037928910	0.059378	1.000000
S016C003P039R001A024	72057594037928910	0.077349	1.000000
S016C003P039R001A026	72057594037928910	0.079681	1.000000
S016C003P039R001A027	72057594037928910	0.053676	0.968254
S016C003P039R001A029	72057594037928910	0.070355	1.000000
S016C003P039R001A031	72057594037928910	0.054494	1.000000
S016C003P039R001A034	72057594037928910	0.075411	1.000000
S016C003P039R001A035	72057594037928910	0.065998	1.000000
S016C003P039R001A036	72057594037928910	0.053847	1.000000
S016C003P039R001A039	72057594037928910	0.066331	1.000000
S016C003P039R001A040	72057594037928910	0.063764	1.000000
S016C003P039R002A001	72057594037928910	0.066173	1.000000
S016C003P039R002A002	72057594037928910	0.062173	1.000000
S016C003P039R002A003	72057594037928910	0.068933	1.000000
S016C003P039R002A005	72057594037928910	0.068370	1.000000
S016C003P039R002A006	72057594037928910	0.086182	1.000000
S016C003P039R002A007	72057594037928910	0.077007	1.000000
S016C003P039R002A008	72057594037928910	0.086631	1.000000
S016C003P039R002A009	72057594037928910	0.095802	1.000000
S016C003P039R002A010	72057594037928910	0.093090	1.000000
S016C003P040R001A039	72057594037928910	0.080744	1.000000
S016C003P040R001A040	72057594037928910	0.093991	1.000000
S016C003P040R002A001	72057594037928910	0.091580	0.990000
S016C003P040R002A002	72057594037928910	0.116482	1.000000
S016C003P040R002A003	72057594037928910	0.113861	1.000000
S016C003P040R002A005	72057594037928910	0.093563	1.000000
S016C003P040R002A006	72057594037928910	0.082753	1.000000
S016C003P040R002A007	72057594037928910	0.083135	1.000000
S016C003P040R002A008	72057594037928910	0.083633	1.000000
S016C003P040R002A009	72057594037928910	0.083669	1.000000
S016C003P040R002A010	72057594037928910	0.081903	1.000000
S016C003P040R002A023	72057594037928910	0.063651	1.000000
S016C003P040R002A024	72057594037928910	0.081746	1.000000
S016C003P040R002A026	72057594037928910	0.087730	1.000000
S016C003P040R002A027	72057594037928910	0.070308	1.000000
S016C003P040R002A029	72057594037928910	0.074334	1.000000
S016C003P040R002A031	72057594037928910	0.100921	1.000000
S016C003P040R002A034	72057594037928910	0.083588	1.000000
S016C003P040R002A035	72057594037928910	0.070258	1.000000
S016C003P040R002A036	72057594037928910	0.073679	1.000000
S016C003P040R002A039	72057594037928910	0.068777	1.000000
S016C003P040R002A040	72057594037928910	0.076902	1.000000
S017C003P015R002A024	72057594037939303	0.074715	0.977778
S017C003P015R002A026	72057594037939303	0.103261	0.989011
S017C003P015R002A027	72057594037939303	0.097787	1.000000
S017C003P015R002A029	72057594037939303	0.101670	1.000000
S017C003P015R002A031	72057594037939303	0.100378	1.000000
S017C003P015R002A034	72057594037939303	0.098565	1.000000
S017C003P015R002A035	72057594037939303	0.101066	1.000000
S017C003P015R002A036	72057594037939303	0.104869	1.000000
S017C003P015R002A039	72057594037939303	0.100675	1.000000
S017C003P015R002A040	72057594037939303	0.097874	1.000000
S017C003P017R002A010	72057594037938774	0.072230	1.000000
